last_ts(2022-07-22 15:04:57)
Warning: /Users/sun_xo/work/sqoop-1.4.7/bin/../../hbase does not exist! HBase imports will fail.
Please set $HBASE_HOME to the root of your HBase installation.
Warning: /Users/sun_xo/work/sqoop-1.4.7/bin/../../hcatalog does not exist! HCatalog jobs will fail.
Please set $HCAT_HOME to the root of your HCatalog installation.
Warning: /Users/sun_xo/work/sqoop-1.4.7/bin/../../accumulo does not exist! Accumulo imports will fail.
Please set $ACCUMULO_HOME to the root of your Accumulo installation.
Warning: /Users/sun_xo/work/sqoop-1.4.7/bin/../../zookeeper does not exist! Accumulo imports will fail.
Please set $ZOOKEEPER_HOME to the root of your Zookeeper installation.
22/07/25 09:00:55 INFO sqoop.Sqoop: Running Sqoop version: 1.4.7
22/07/25 09:00:55 WARN tool.BaseSqoopTool: Setting your password on the command-line is insecure. Consider using -P instead.
22/07/25 09:00:55 WARN sqoop.ConnFactory: Parameter --driver is set to an explicit driver however appropriate connection manager is not being set (via --connection-manager). Sqoop is going to fall back to org.apache.sqoop.manager.GenericJdbcManager. Please specify explicitly which connection manager should be used next time.
22/07/25 09:00:55 INFO manager.SqlManager: Using default fetchSize of 1000
22/07/25 09:00:55 INFO tool.CodeGenTool: Beginning code generation
22/07/25 09:00:55 INFO manager.SqlManager: Executing SQL statement: SELECT t.* FROM instant_price AS t WHERE 1=0
22/07/25 09:00:55 INFO manager.SqlManager: Executing SQL statement: SELECT t.* FROM instant_price AS t WHERE 1=0
22/07/25 09:00:55 INFO orm.CompilationManager: HADOOP_MAPRED_HOME is /Users/sun_xo/work/hadoop
Note: /tmp/sqoop-sun_xo/compile/fc0e5000896329b6eb64049871261156/instant_price.java uses or overrides a deprecated API.
Note: Recompile with -Xlint:deprecation for details.
22/07/25 09:00:58 INFO orm.CompilationManager: Writing jar file: /tmp/sqoop-sun_xo/compile/fc0e5000896329b6eb64049871261156/instant_price.jar
22/07/25 09:00:58 INFO tool.ImportTool: Maximal id query for free form incremental import: SELECT MAX(ts) FROM instant_price
22/07/25 09:00:58 INFO tool.ImportTool: Incremental import based on column ts
22/07/25 09:00:58 INFO tool.ImportTool: Lower bound value: '2022-07-22 15:04:57'
22/07/25 09:00:58 INFO tool.ImportTool: Upper bound value: '2022-07-22 15:04:57.0'
22/07/25 09:00:58 INFO mapreduce.ImportJobBase: Beginning import of instant_price
22/07/25 09:00:58 INFO Configuration.deprecation: mapred.job.tracker is deprecated. Instead, use mapreduce.jobtracker.address
22/07/25 09:00:58 WARN util.NativeCodeLoader: Unable to load native-hadoop library for your platform... using builtin-java classes where applicable
22/07/25 09:00:58 INFO Configuration.deprecation: mapred.jar is deprecated. Instead, use mapreduce.job.jar
22/07/25 09:00:58 INFO manager.SqlManager: Executing SQL statement: SELECT t.* FROM instant_price AS t WHERE 1=0
22/07/25 09:00:58 INFO Configuration.deprecation: mapred.map.tasks is deprecated. Instead, use mapreduce.job.maps
22/07/25 09:00:58 INFO client.RMProxy: Connecting to ResourceManager at localhost/127.0.0.1:8032
22/07/25 09:01:00 INFO db.DBInputFormat: Using read commited transaction isolation
22/07/25 09:01:00 INFO mapreduce.JobSubmitter: number of splits:1
22/07/25 09:01:00 INFO mapreduce.JobSubmitter: Submitting tokens for job: job_1658710217065_0002
22/07/25 09:01:00 INFO impl.YarnClientImpl: Submitted application application_1658710217065_0002
22/07/25 09:01:00 INFO mapreduce.Job: The url to track the job: http://10.0.0.233:8088/proxy/application_1658710217065_0002/
22/07/25 09:01:00 INFO mapreduce.Job: Running job: job_1658710217065_0002
22/07/25 09:01:07 INFO mapreduce.Job: Job job_1658710217065_0002 running in uber mode : false
22/07/25 09:01:07 INFO mapreduce.Job:  map 0% reduce 0%
22/07/25 09:01:11 INFO mapreduce.Job:  map 100% reduce 0%
22/07/25 09:01:12 INFO mapreduce.Job: Job job_1658710217065_0002 completed successfully
22/07/25 09:01:12 INFO mapreduce.Job: Counters: 30
	File System Counters
		FILE: Number of bytes read=0
		FILE: Number of bytes written=157155
		FILE: Number of read operations=0
		FILE: Number of large read operations=0
		FILE: Number of write operations=0
		HDFS: Number of bytes read=87
		HDFS: Number of bytes written=0
		HDFS: Number of read operations=4
		HDFS: Number of large read operations=0
		HDFS: Number of write operations=2
	Job Counters 
		Launched map tasks=1
		Other local map tasks=1
		Total time spent by all maps in occupied slots (ms)=2506
		Total time spent by all reduces in occupied slots (ms)=0
		Total time spent by all map tasks (ms)=2506
		Total vcore-milliseconds taken by all map tasks=2506
		Total megabyte-milliseconds taken by all map tasks=2566144
	Map-Reduce Framework
		Map input records=0
		Map output records=0
		Input split bytes=87
		Spilled Records=0
		Failed Shuffles=0
		Merged Map outputs=0
		GC time elapsed (ms)=40
		CPU time spent (ms)=0
		Physical memory (bytes) snapshot=0
		Virtual memory (bytes) snapshot=0
		Total committed heap usage (bytes)=114819072
	File Input Format Counters 
		Bytes Read=0
	File Output Format Counters 
		Bytes Written=0
22/07/25 09:01:12 INFO mapreduce.ImportJobBase: Transferred 0 bytes in 13.8114 seconds (0 bytes/sec)
22/07/25 09:01:12 INFO mapreduce.ImportJobBase: Retrieved 0 records.
22/07/25 09:01:12 INFO util.AppendUtils: Appending to directory instant_price
22/07/25 09:01:12 INFO tool.ImportTool: Incremental import complete! To run another incremental import of all data following this import, supply the following arguments:
22/07/25 09:01:12 INFO tool.ImportTool:  --incremental append
22/07/25 09:01:12 INFO tool.ImportTool:   --check-column ts
22/07/25 09:01:12 INFO tool.ImportTool:   --last-value 2022-07-22 15:04:57.0
22/07/25 09:01:12 INFO tool.ImportTool: (Consider saving this with 'sqoop job --create')
