31
        code                  ts  name    price    pc
0   SH113570 2022-07-22 15:00:00  百达转债  129.370 -0.05
1   SH113591 2022-07-22 15:00:00  胜达转债  125.990  0.18
2   SZ123023 2022-07-22 15:04:39  迪森转债  125.000 -0.25
3   SZ123110 2022-07-22 15:04:42  九典转债  130.384 -1.49
4   SZ123127 2022-07-22 15:04:33  耐普转债  129.152 -0.23
5   SZ128021 2022-07-22 15:04:39  兄弟转债  143.500 -1.71
6   SZ128022 2022-07-22 15:04:42  众信转债  134.350  0.47
7   SZ128025 2022-07-22 15:04:00  特一转债  129.734 -0.66
8   SZ128042 2022-07-22 15:04:36  凯中转债  131.678  0.06
9   SZ128066 2022-07-22 15:04:00  亚泰转债  119.247  0.11
10  SZ128073 2022-07-22 15:04:12  哈尔转债  140.500  1.61
11  SZ128085 2022-07-22 15:04:09  鸿达转债  116.784 -0.61
12  SZ128100 2022-07-22 15:04:21  搜特转债   98.751 -0.39
13  SZ128119 2022-07-22 15:04:36  龙大转债  123.299 -0.19
14  SZ128130 2022-07-22 15:04:24  景兴转债  121.283 -0.26
15  SH110070 2022-07-22 15:00:00  凌钢转债  124.540 -0.58
16  SH113027 2022-07-22 15:00:00  华钰转债  157.150 -1.30
17  SH113039 2022-07-22 15:00:00  嘉泽转债  144.840 -0.81
18  SH113502 2022-07-22 15:00:00  嘉澳转债  134.430 -0.13
19  SH113504 2022-07-22 15:00:00  艾华转债  148.850 -2.61
20  SH113567 2022-07-22 15:00:00  君禾转债  143.010  0.75
21  SH113598 2022-07-22 15:00:00  法兰转债  136.900 -1.05
22  SZ123080 2022-07-22 15:04:06  海波转债  129.946  0.28
23  SZ123089 2022-07-22 15:04:09  九洲转2  152.510  0.84
24  SZ127007 2022-07-22 15:04:57  湖广转债  156.150 -2.77
25  SZ128029 2022-07-22 15:04:03  太阳转债  159.000 -0.63
26  SZ128034 2022-07-22 15:04:51  江银转债  123.201  0.07
27  SZ128040 2022-07-22 15:04:54  华通转债  152.100 -0.92
28  SZ128076 2022-07-22 15:04:57  金轮转债  128.100  0.24
29  SZ128087 2022-07-22 15:04:06  孚日转债  129.400  0.31
30  SZ128128 2022-07-22 15:04:45  齐翔转2  149.551 -1.62
Traceback (most recent call last):
  File "/Library/Python/3.8/site-packages/sqlalchemy/engine/base.py", line 1256, in _execute_context
    self.dialect.do_executemany(
  File "/Library/Python/3.8/site-packages/sqlalchemy/dialects/mysql/mysqldb.py", line 148, in do_executemany
    rowcount = cursor.executemany(statement, parameters)
  File "/Library/Python/3.8/site-packages/pymysql/cursors.py", line 173, in executemany
    return self._do_execute_many(
  File "/Library/Python/3.8/site-packages/pymysql/cursors.py", line 211, in _do_execute_many
    rows += self.execute(sql + postfix)
  File "/Library/Python/3.8/site-packages/pymysql/cursors.py", line 148, in execute
    result = self._query(query)
  File "/Library/Python/3.8/site-packages/pymysql/cursors.py", line 310, in _query
    conn.query(q)
  File "/Library/Python/3.8/site-packages/pymysql/connections.py", line 548, in query
    self._affected_rows = self._read_query_result(unbuffered=unbuffered)
  File "/Library/Python/3.8/site-packages/pymysql/connections.py", line 775, in _read_query_result
    result.read()
  File "/Library/Python/3.8/site-packages/pymysql/connections.py", line 1156, in read
    first_packet = self.connection._read_packet()
  File "/Library/Python/3.8/site-packages/pymysql/connections.py", line 725, in _read_packet
    packet.raise_for_error()
  File "/Library/Python/3.8/site-packages/pymysql/protocol.py", line 221, in raise_for_error
    err.raise_mysql_exception(self._data)
  File "/Library/Python/3.8/site-packages/pymysql/err.py", line 143, in raise_mysql_exception
    raise errorclass(errno, errval)
pymysql.err.IntegrityError: (1062, "Duplicate entry 'SH113570-2022-07-22 15:00:00' for key 'instant_price.PRIMARY'")

The above exception was the direct cause of the following exception:

Traceback (most recent call last):
  File "./xueqiu.py", line 150, in <module>
    main()
  File "./xueqiu.py", line 141, in main
    mysql.from_frame('instant_price', df)
  File "/Users/sun_xo/learn/py/finance/mysql.py", line 23, in from_frame
    frame.to_sql(table, con=self.db, if_exists='append', index=False)
  File "/Library/Python/3.8/site-packages/pandas/core/generic.py", line 2779, in to_sql
    sql.to_sql(
  File "/Library/Python/3.8/site-packages/pandas/io/sql.py", line 590, in to_sql
    pandas_sql.to_sql(
  File "/Library/Python/3.8/site-packages/pandas/io/sql.py", line 1405, in to_sql
    raise err
  File "/Library/Python/3.8/site-packages/pandas/io/sql.py", line 1397, in to_sql
    table.insert(chunksize, method=method)
  File "/Library/Python/3.8/site-packages/pandas/io/sql.py", line 831, in insert
    exec_insert(conn, keys, chunk_iter)
  File "/Library/Python/3.8/site-packages/pandas/io/sql.py", line 748, in _execute_insert
    conn.execute(self.table.insert(), data)
  File "/Library/Python/3.8/site-packages/sqlalchemy/engine/base.py", line 1011, in execute
    return meth(self, multiparams, params)
  File "/Library/Python/3.8/site-packages/sqlalchemy/sql/elements.py", line 298, in _execute_on_connection
    return connection._execute_clauseelement(self, multiparams, params)
  File "/Library/Python/3.8/site-packages/sqlalchemy/engine/base.py", line 1124, in _execute_clauseelement
    ret = self._execute_context(
  File "/Library/Python/3.8/site-packages/sqlalchemy/engine/base.py", line 1316, in _execute_context
    self._handle_dbapi_exception(
  File "/Library/Python/3.8/site-packages/sqlalchemy/engine/base.py", line 1510, in _handle_dbapi_exception
    util.raise_(
  File "/Library/Python/3.8/site-packages/sqlalchemy/util/compat.py", line 182, in raise_
    raise exception
  File "/Library/Python/3.8/site-packages/sqlalchemy/engine/base.py", line 1256, in _execute_context
    self.dialect.do_executemany(
  File "/Library/Python/3.8/site-packages/sqlalchemy/dialects/mysql/mysqldb.py", line 148, in do_executemany
    rowcount = cursor.executemany(statement, parameters)
  File "/Library/Python/3.8/site-packages/pymysql/cursors.py", line 173, in executemany
    return self._do_execute_many(
  File "/Library/Python/3.8/site-packages/pymysql/cursors.py", line 211, in _do_execute_many
    rows += self.execute(sql + postfix)
  File "/Library/Python/3.8/site-packages/pymysql/cursors.py", line 148, in execute
    result = self._query(query)
  File "/Library/Python/3.8/site-packages/pymysql/cursors.py", line 310, in _query
    conn.query(q)
  File "/Library/Python/3.8/site-packages/pymysql/connections.py", line 548, in query
    self._affected_rows = self._read_query_result(unbuffered=unbuffered)
  File "/Library/Python/3.8/site-packages/pymysql/connections.py", line 775, in _read_query_result
    result.read()
  File "/Library/Python/3.8/site-packages/pymysql/connections.py", line 1156, in read
    first_packet = self.connection._read_packet()
  File "/Library/Python/3.8/site-packages/pymysql/connections.py", line 725, in _read_packet
    packet.raise_for_error()
  File "/Library/Python/3.8/site-packages/pymysql/protocol.py", line 221, in raise_for_error
    err.raise_mysql_exception(self._data)
  File "/Library/Python/3.8/site-packages/pymysql/err.py", line 143, in raise_mysql_exception
    raise errorclass(errno, errval)
sqlalchemy.exc.IntegrityError: (pymysql.err.IntegrityError) (1062, "Duplicate entry 'SH113570-2022-07-22 15:00:00' for key 'instant_price.PRIMARY'")
[SQL: INSERT INTO instant_price (code, ts, name, price, pc) VALUES (%(code)s, %(ts)s, %(name)s, %(price)s, %(pc)s)]
[parameters: ({'code': 'SH113570', 'ts': datetime.datetime(2022, 7, 22, 15, 0), 'name': '百达转债', 'price': 129.37, 'pc': -0.05}, {'code': 'SH113591', 'ts': datetime.datetime(2022, 7, 22, 15, 0), 'name': '胜达转债', 'price': 125.99, 'pc': 0.18}, {'code': 'SZ123023', 'ts': datetime.datetime(2022, 7, 22, 15, 4, 39), 'name': '迪森转债', 'price': 125.0, 'pc': -0.25}, {'code': 'SZ123110', 'ts': datetime.datetime(2022, 7, 22, 15, 4, 42), 'name': '九典转债', 'price': 130.384, 'pc': -1.49}, {'code': 'SZ123127', 'ts': datetime.datetime(2022, 7, 22, 15, 4, 33), 'name': '耐普转债', 'price': 129.152, 'pc': -0.23}, {'code': 'SZ128021', 'ts': datetime.datetime(2022, 7, 22, 15, 4, 39), 'name': '兄弟转债', 'price': 143.5, 'pc': -1.71}, {'code': 'SZ128022', 'ts': datetime.datetime(2022, 7, 22, 15, 4, 42), 'name': '众信转债', 'price': 134.35, 'pc': 0.47}, {'code': 'SZ128025', 'ts': datetime.datetime(2022, 7, 22, 15, 4), 'name': '特一转债', 'price': 129.734, 'pc': -0.66}  ... displaying 10 of 31 total bound parameter sets ...  {'code': 'SZ128087', 'ts': datetime.datetime(2022, 7, 22, 15, 4, 6), 'name': '孚日转债', 'price': 129.4, 'pc': 0.31}, {'code': 'SZ128128', 'ts': datetime.datetime(2022, 7, 22, 15, 4, 45), 'name': '齐翔转2', 'price': 149.551, 'pc': -1.62})]
(Background on this error at: http://sqlalche.me/e/13/gkpj)
